==========================================================================================
Information: 
Exchange parameters generated by TB2J 0.9.0.1
Generation time: 25/06/22 17:09:48
 Input from non-collinear Siesta data.
 working directory: /Users/s2601697/2d/dft/nft/bulk/spin_y
 fdf_fname: nft_bulk.fdf.
Warning: The DMI component parallel to the spin orientation, the Jani which has the component of that orientation should be disregarded
 e.g. if the spins are along z, the xz, yz, zz, zx, zy components and the z component of DMI.
 If you need these component, try to do three calculations with spin along x, y, z,  or use structure with z rotated to x, y and z. And then use TB2J_merge.py to get the full set of parameters.

==========================================================================================
Cell (Angstrom):
6.41418100  -0.00000200  -0.00000000
-0.00000300  7.79434100  0.00000100
-0.00000100  0.00000100  8.23789700

==========================================================================================
Atoms:  
(Note: charge and magmoms only count the wannier functions.)
Atom_number        x             y             z       w_charge    M(x)      M(y)      M(z)   
Nb1             3.20708941    3.89717097    2.45040942    4.9927   -0.0022   -0.6673    0.0000
Nb2            -0.00000409    3.89717184    6.56936460    4.9927    0.0022   -0.6673    0.0000
Nb3            -0.00000247    3.89717023    1.66854601    4.9927    0.0022   -0.6673    0.0000
Nb4             3.20708952    3.89716981    5.78747539    4.9927   -0.0022   -0.6673    0.0000
Fe1             0.84225300    4.78480487    4.11895241    7.1536    0.0170    3.0673   -0.0000
Fe2             4.04934571    3.00953636   -0.00000266    7.1536   -0.0170    3.0673   -0.0000
Fe3             5.57192438    3.00953576    4.11894922    7.1536    0.0170    3.0673   -0.0000
Fe4             2.36483011    4.78480350    0.00000160    7.1536   -0.0170    3.0673    0.0000
Te1             4.81063635    1.48635373    6.17842072    4.4634   -0.0000   -0.0596    0.0000
Te2             1.51197974    2.14860433    0.00000143    4.4067   -0.0031    0.0187   -0.0000
Te3             4.90219723    5.64573553    0.00000262    4.4067   -0.0031    0.0187    0.0000
Te4             1.60354085    6.30798084    6.17842166    4.4634    0.0000   -0.0596    0.0000
Te5             4.71907039    5.64573126    4.11894725    4.4067    0.0031    0.0187   -0.0000
Te6             1.69510693    2.14861038    4.11894770    4.4067    0.0031    0.0187    0.0000
Te7             1.60353949    6.30798938    2.05947761    4.4634   -0.0000   -0.0596    0.0000
Te8             4.81063518    1.48634653    2.05947675    4.4634    0.0000   -0.0596    0.0000
Total                                                    84.0655    0.0000    9.4364    0.0000

==========================================================================================
Exchange: 
    i      j          R        J_iso(meV)          vector          distance(A) 
----------------------------------------------------------------------------------------
   Fe3   Fe1   (  1,   0,   0) 49.8963   ( 1.685,  1.775,  0.000)  2.447 
J_iso: 49.8963 
[Testing!] DMI: ( 0.0001 -0.0000 -0.0000)
[Testing!]J_ani:
[[   0.046   -2.906    0.   ]
 [  -2.906 -164.256    0.   ]
 [   0.       0.      -0.053]]
----------------------------------------------------------------------------------------
   Fe1   Fe3   ( -1,   0,   0) 49.8963   (-1.685, -1.775, -0.000)  2.447 
J_iso: 49.8963 
[Testing!] DMI: (-0.0001  0.0000  0.0000)
[Testing!]J_ani:
[[   0.046   -2.906    0.   ]
 [  -2.906 -164.256    0.   ]
 [   0.       0.      -0.053]]
----------------------------------------------------------------------------------------
   Fe2   Fe4   (  0,   0,   0) 49.8966   (-1.685,  1.775,  0.000)  2.447 
J_iso: 49.8966 
[Testing!] DMI: (-0.0001  0.0000  0.0000)
[Testing!]J_ani:
[[   0.046    2.906   -0.   ]
 [   2.906 -164.256    0.   ]
 [  -0.       0.      -0.053]]
----------------------------------------------------------------------------------------
   Fe4   Fe2   (  0,   0,   0) 49.8966   ( 1.685, -1.775, -0.000)  2.447 
J_iso: 49.8966 
[Testing!] DMI: ( 0.0001 -0.0000 -0.0000)
[Testing!]J_ani:
[[   0.046    2.906   -0.   ]
 [   2.906 -164.256    0.   ]
 [  -0.       0.      -0.053]]
----------------------------------------------------------------------------------------
   Fe1   Fe4   (  0,   0,   1) 13.7975   ( 1.523, -0.000,  4.119)  4.391 
J_iso: 13.7975 
[Testing!] DMI: ( 0.7232 -0.0001 -0.8819)
[Testing!]J_ani:
[[ -0.324  -0.      0.029]
 [ -0.    -47.747  -0.   ]
 [  0.029  -0.      0.019]]
----------------------------------------------------------------------------------------
   Fe4   Fe1   (  0,   0,  -1) 13.7975   (-1.523,  0.000, -4.119)  4.391 
J_iso: 13.7975 
[Testing!] DMI: (-0.7232  0.0001  0.8819)
[Testing!]J_ani:
[[ -0.324  -0.      0.029]
 [ -0.    -47.747  -0.   ]
 [  0.029  -0.      0.019]]
----------------------------------------------------------------------------------------
   Fe3   Fe2   (  0,   0,   1) 13.7973   (-1.523,  0.000,  4.119)  4.391 
J_iso: 13.7973 
[Testing!] DMI: (-0.7232 -0.0000 -0.8819)
[Testing!]J_ani:
[[ -0.324  -0.     -0.029]
 [ -0.    -47.747  -0.   ]
 [ -0.029  -0.      0.019]]
----------------------------------------------------------------------------------------
   Fe2   Fe3   (  0,   0,  -1) 13.7973   ( 1.523, -0.000, -4.119)  4.391 
J_iso: 13.7973 
[Testing!] DMI: ( 0.7232  0.0000  0.8819)
[Testing!]J_ani:
[[ -0.324  -0.     -0.029]
 [ -0.    -47.747  -0.   ]
 [ -0.029  -0.      0.019]]
----------------------------------------------------------------------------------------
   Fe1   Fe4   (  0,   0,   0) 13.7970   ( 1.523, -0.000, -4.119)  4.391 
J_iso: 13.7970 
[Testing!] DMI: (-0.7232 -0.0000 -0.8818)
[Testing!]J_ani:
[[ -0.324  -0.     -0.029]
 [ -0.    -47.748  -0.   ]
 [ -0.029  -0.      0.019]]
----------------------------------------------------------------------------------------
   Fe4   Fe1   (  0,   0,   0) 13.7970   (-1.523,  0.000,  4.119)  4.391 
J_iso: 13.7970 
[Testing!] DMI: ( 0.7232  0.0000  0.8818)
[Testing!]J_ani:
[[ -0.324  -0.     -0.029]
 [ -0.    -47.748  -0.   ]
 [ -0.029  -0.      0.019]]
----------------------------------------------------------------------------------------
   Fe2   Fe3   (  0,   0,   0) 13.7970   ( 1.523, -0.000,  4.119)  4.391 
J_iso: 13.7970 
[Testing!] DMI: (-0.7232  0.0001  0.8819)
[Testing!]J_ani:
[[ -0.324  -0.      0.029]
 [ -0.    -47.747  -0.   ]
 [  0.029  -0.      0.019]]
----------------------------------------------------------------------------------------
   Fe3   Fe2   (  0,   0,   0) 13.7970   (-1.523,  0.000, -4.119)  4.391 
J_iso: 13.7970 
[Testing!] DMI: ( 0.7232 -0.0001 -0.8819)
[Testing!]J_ani:
[[ -0.324  -0.      0.029]
 [ -0.    -47.747  -0.   ]
 [  0.029  -0.      0.019]]
----------------------------------------------------------------------------------------
   Fe4   Fe2   ( -1,   0,   0) -8.0629   (-4.730, -1.775, -0.000)  5.052 
J_iso: -8.0629 
[Testing!] DMI: ( 0.0000 -0.0000 -0.0000)
[Testing!]J_ani:
[[-0.132 -0.365 -0.   ]
 [-0.365  9.138  0.   ]
 [-0.     0.    -0.096]]
----------------------------------------------------------------------------------------
   Fe2   Fe4   (  1,   0,   0) -8.0629   ( 4.730,  1.775,  0.000)  5.052 
J_iso: -8.0629 
[Testing!] DMI: (-0.0000  0.0000  0.0000)
[Testing!]J_ani:
[[-0.132 -0.365 -0.   ]
 [-0.365  9.138  0.   ]
 [-0.     0.    -0.096]]
----------------------------------------------------------------------------------------
   Fe1   Fe3   (  0,   0,   0) -8.0632   ( 4.730, -1.775, -0.000)  5.052 
J_iso: -8.0632 
[Testing!] DMI: (-0.0000 -0.0000  0.0000)
[Testing!]J_ani:
[[-0.132  0.365  0.   ]
 [ 0.365  9.139  0.   ]
 [ 0.     0.    -0.096]]
----------------------------------------------------------------------------------------
   Fe3   Fe1   (  0,   0,   0) -8.0632   (-4.730,  1.775,  0.000)  5.052 
J_iso: -8.0632 
[Testing!] DMI: ( 0.0000  0.0000 -0.0000)
[Testing!]J_ani:
[[-0.132  0.365  0.   ]
 [ 0.365  9.139  0.   ]
 [ 0.     0.    -0.096]]
